\BOOKMARK [0][-]{chapter.1}{\376\377\000W\000h\000a\000t\000\040\000y\000o\000u\040\031\000l\000l\000\040\000f\000i\000n\000d\000\040\000h\000e\000r\000e}{}% 1
\BOOKMARK [1][-]{section.1.1}{\376\377\000Q\000u\000i\000c\000k\040\021\000S\000t\000a\000r\000t}{chapter.1}% 2
\BOOKMARK [0][-]{chapter.2}{\376\377\000C\000o\000n\000t\000e\000n\000t\000s}{}% 3
\BOOKMARK [1][-]{section.2.1}{\376\377\000A\000s\000s\000e\000m\000b\000l\000y\000\040\000G\000u\000i\000d\000e}{chapter.2}% 4
\BOOKMARK [2][-]{subsection.2.1.1}{\376\377\000H\000o\000w\000\040\000t\000o\000\040\000u\000s\000e\000\040\000t\000h\000i\000s\000\040\000g\000u\000i\000d\000e}{section.2.1}% 5
\BOOKMARK [2][-]{subsection.2.1.2}{\376\377\000B\000u\000i\000l\000d\000\040\000I\000n\000s\000t\000r\000u\000c\000t\000i\000o\000n\000s}{section.2.1}% 6
\BOOKMARK [3][-]{subsubsection*.3}{\376\377\000A\000s\000s\000e\000m\000b\000l\000i\000n\000g\000\040\000I\000n\000s\000t\000r\000u\000c\000t\000i\000o\000n\000s\000:\000\040\000T\000a\000s\000k\000\040\000b\000o\000a\000r\000d}{subsection.2.1.2}% 7
\BOOKMARK [4][-]{paragraph*.4}{\376\377\000S\000t\000e\000p\000\040\0001\000:\000\040\000P\000r\000e\000p\000a\000r\000e\000\040\000t\000h\000e\000\040\000C\000o\000m\000p\000o\000n\000e\000n\000t\000s}{subsubsection*.3}% 8
\BOOKMARK [4][-]{paragraph*.5}{\376\377\000S\000t\000e\000p\000\040\0002\000:\000\040\000P\000o\000s\000i\000t\000i\000o\000n\000\040\000t\000h\000e\000\040\000T\000a\000s\000k\000\040\000B\000o\000a\000r\000d}{subsubsection*.3}% 9
\BOOKMARK [4][-]{paragraph*.6}{\376\377\000S\000t\000e\000p\000\040\0003\000:\000\040\000P\000l\000a\000c\000i\000n\000g\000\040\000t\000h\000e\000\040\000F\000e\000e\000t}{subsubsection*.3}% 10
\BOOKMARK [4][-]{paragraph*.7}{\376\377\000S\000t\000e\000p\000\040\0004\000:\000\040\000S\000e\000c\000u\000r\000e\000\040\000t\000h\000e\000\040\000F\000e\000e\000t\000\040\000w\000i\000t\000h\000\040\000S\000c\000r\000e\000w\000s}{subsubsection*.3}% 11
\BOOKMARK [3][-]{subsubsection*.8}{\376\377\000A\000s\000s\000e\000m\000b\000l\000y\000\040\000I\000n\000s\000t\000r\000u\000c\000t\000i\000o\000n\000s\000:\000\040\000P\000e\000g\000-\000i\000n\000-\000H\000o\000l\000e}{subsection.2.1.2}% 12
\BOOKMARK [4][-]{paragraph*.9}{\376\377\000T\000a\000s\000k\000\040\0001\000:\000\040\000R\000o\000u\000n\000d\000\040\000P\000e\000g\000\040\000i\000n\000\040\000H\000o\000l\000e}{subsubsection*.8}% 13
\BOOKMARK [5][-]{subparagraph*.10}{\376\377\000S\000t\000e\000p\000\040\0001\000:\000\040\000P\000r\000e\000p\000a\000r\000e\000\040\000t\000h\000e\000\040\000C\000o\000m\000p\000o\000n\000e\000n\000t\000s}{paragraph*.9}% 14
\BOOKMARK [5][-]{subparagraph*.11}{\376\377\000S\000t\000e\000p\000\040\0002\000:\000\040\000I\000n\000s\000e\000r\000t\000i\000n\000g\000\040\000t\000h\000e\000\040\000P\000l\000a\000i\000n\000\040\000B\000e\000a\000r\000i\000n\000g\000\040\000i\000n\000t\000o\000\040\000t\000h\000e\000\040\000H\000o\000l\000e\000\040\000c\000o\000m\000p\000o\000n\000e\000n\000t}{paragraph*.9}% 15
\BOOKMARK [5][-]{subparagraph*.12}{\376\377\000S\000t\000e\000p\000\040\0003\000:\000\040\000M\000a\000n\000u\000a\000l\000\040\000F\000i\000x\000a\000t\000i\000o\000n\000\040\000o\000f\000\040\000t\000h\000e\000\040\000A\000s\000s\000e\000m\000b\000l\000y\000\040\000o\000n\000\040\000t\000h\000e\000\040\000T\000a\000s\000k\000-\000B\000o\000a\000r\000d}{paragraph*.9}% 16
\BOOKMARK [5][-]{subparagraph*.13}{\376\377\000S\000t\000e\000p\000\040\0004\000:\000\040\000P\000l\000a\000c\000i\000n\000g\000\040\000t\000h\000e\000\040\000R\000o\000u\000n\000d\000\040\000S\000h\000a\000f\000t}{paragraph*.9}% 17
\BOOKMARK [4][-]{paragraph*.14}{\376\377\000T\000a\000s\000k\000\040\0002\000:\000\040\000S\000p\000l\000i\000n\000e\000d\000\040\000S\000h\000a\000f\000t\000\040\000P\000e\000g\000\040\000i\000n\000\040\000H\000o\000l\000e}{subsubsection*.8}% 18
\BOOKMARK [5][-]{subparagraph*.15}{\376\377\000S\000t\000e\000p\000\040\0001\000:\000\040\000P\000r\000e\000p\000a\000r\000e\000\040\000t\000h\000e\000\040\000C\000o\000m\000p\000o\000n\000e\000n\000t\000s}{paragraph*.14}% 19
\BOOKMARK [5][-]{subparagraph*.16}{\376\377\000S\000t\000e\000p\000\040\0002\000:\000\040\000I\000n\000s\000e\000r\000t\000i\000n\000g\000\040\000t\000h\000e\000\040\000P\000l\000a\000i\000n\000\040\000B\000e\000a\000r\000i\000n\000g\000\040\000i\000n\000t\000o\000\040\000t\000h\000e\000\040\000H\000o\000l\000e\000\040\000c\000o\000m\000p\000o\000n\000e\000n\000t}{paragraph*.14}% 20
\BOOKMARK [5][-]{subparagraph*.17}{\376\377\000S\000t\000e\000p\000\040\0003\000:\000\040\000M\000a\000n\000u\000a\000l\000\040\000F\000i\000x\000a\000t\000i\000o\000n\000\040\000o\000f\000\040\000t\000h\000e\000\040\000A\000s\000s\000e\000m\000b\000l\000y\000\040\000o\000n\000\040\000t\000h\000e\000\040\000T\000a\000s\000k\000-\000B\000o\000a\000r\000d}{paragraph*.14}% 21
\BOOKMARK [5][-]{subparagraph*.18}{\376\377\000S\000t\000e\000p\000\040\0004\000:\000\040\000P\000l\000a\000c\000i\000n\000g\000\040\000t\000h\000e\000\040\000S\000p\000l\000i\000n\000e\000d\000\040\000S\000h\000a\000f\000t}{paragraph*.14}% 22
\BOOKMARK [4][-]{paragraph*.19}{\376\377\000T\000a\000s\000k\000\040\0003\000:\000\040\000B\000N\000C\000\040\000C\000o\000n\000n\000e\000c\000t\000o\000r}{subsubsection*.8}% 23
\BOOKMARK [5][-]{subparagraph*.20}{\376\377\000S\000t\000e\000p\000\040\0001\000:\000\040\000P\000r\000e\000p\000a\000r\000e\000\040\000t\000h\000e\000\040\000C\000o\000m\000p\000o\000n\000e\000n\000t\000s}{paragraph*.19}% 24
\BOOKMARK [5][-]{subparagraph*.21}{\376\377\000S\000t\000e\000p\000\040\0002\000:\000\040\000I\000n\000s\000e\000r\000t\000i\000n\000g\000\040\000t\000h\000e\000\040\000F\000e\000m\000a\000l\000e\000\040\000B\000N\000C\000-\000C\000o\000n\000n\000e\000c\000t\000o\000r\000\040\000i\000n\000t\000o\000\040\000t\000h\000e\000\040\000M\000o\000u\000n\000t\000i\000n\000g\000\040\000C\000o\000m\000p\000o\000n\000e\000n\000t}{paragraph*.19}% 25
\BOOKMARK [5][-]{subparagraph*.22}{\376\377\000S\000t\000e\000p\000\040\0003\000:\000\040\000M\000a\000n\000u\000a\000l\000\040\000F\000i\000x\000a\000t\000i\000o\000n\000\040\000o\000f\000\040\000t\000h\000e\000\040\000A\000s\000s\000e\000m\000b\000l\000y\000\040\000o\000n\000\040\000t\000h\000e\000\040\000T\000a\000s\000k\000-\000B\000o\000a\000r\000d}{paragraph*.19}% 26
\BOOKMARK [5][-]{subparagraph*.23}{\376\377\000S\000t\000e\000p\000\040\0004\000:\000\040\000P\000l\000a\000c\000i\000n\000g\000\040\000t\000h\000e\000\040\000S\000p\000l\000i\000n\000e\000d\000\040\000S\000h\000a\000f\000t}{paragraph*.19}% 27
\BOOKMARK [3][-]{subsubsection*.24}{\376\377\000A\000s\000s\000e\000m\000b\000l\000y\000\040\000I\000n\000s\000t\000r\000u\000c\000t\000i\000o\000n\000s\000:\000\040\000P\000i\000c\000k\000\040\000a\000n\000d\000\040\000P\000l\000a\000c\000e}{subsection.2.1.2}% 28
\BOOKMARK [4][-]{paragraph*.25}{\376\377\000T\000a\000s\000k\000\040\0001\000:\000\040\000H\000o\000u\000s\000i\000n\000g\000\040\000P\000a\000r\000t\000s}{subsubsection*.24}% 29
\BOOKMARK [5][-]{subparagraph*.26}{\376\377\000S\000t\000e\000p\000\040\0001\000:\000\040\000P\000r\000e\000p\000a\000r\000e\000\040\000t\000h\000e\000\040\000C\000o\000m\000p\000o\000n\000e\000n\000t\000s}{paragraph*.25}% 30
\BOOKMARK [5][-]{subparagraph*.27}{\376\377\000S\000t\000e\000p\000\040\0002\000:\000\040\000M\000a\000n\000u\000a\000l\000\040\000F\000i\000x\000a\000t\000i\000o\000n\000\040\000o\000f\000\040\000t\000h\000e\000\040\000H\000o\000u\000s\000i\000n\000g\000\040\000P\000a\000r\000t\0001\000\040\000o\000n\000\040\000t\000h\000e\000\040\000T\000a\000s\000k\000b\000o\000a\000r\000d}{paragraph*.25}% 31
\BOOKMARK [4][-]{paragraph*.28}{\376\377\000T\000a\000s\000k\000\040\0002\000:\000\040\000F\000e\000a\000t\000h\000e\000r\000\040\000K\000e\000y}{subsubsection*.24}% 32
\BOOKMARK [5][-]{subparagraph*.29}{\376\377\000S\000t\000e\000p\000\040\0001\000:\000\040\000P\000r\000e\000p\000a\000r\000e\000\040\000t\000h\000e\000\040\000C\000o\000m\000p\000o\000n\000e\000n\000t\000s}{paragraph*.28}% 33
\BOOKMARK [5][-]{subparagraph*.30}{\376\377\000S\000t\000e\000p\000\040\0002\000:\000\040\000M\000a\000n\000u\000a\000l\000\040\000F\000i\000x\000a\000t\000i\000o\000n\000\040\000o\000f\000\040\000t\000h\000e\000\040\000F\000e\000a\000t\000h\000e\000r\000\040\000K\000e\000y\000\040\000A\000s\000s\000e\000m\000b\000l\000y\000\040\000o\000n\000\040\000t\000h\000e\000\040\000T\000a\000s\000k\000b\000o\000a\000r\000d}{paragraph*.28}% 34
\BOOKMARK [4][-]{paragraph*.31}{\376\377\000T\000a\000s\000k\000\040\0003\000:\000\040\000S\000h\000i\000m\000\040\000R\000i\000n\000g}{subsubsection*.24}% 35
\BOOKMARK [5][-]{subparagraph*.32}{\376\377\000S\000t\000e\000p\000\040\0001\000:\000\040\000P\000r\000e\000p\000a\000r\000e\000\040\000t\000h\000e\000\040\000C\000o\000m\000p\000o\000n\000e\000n\000t\000s}{paragraph*.31}% 36
\BOOKMARK [5][-]{subparagraph*.33}{\376\377\000S\000t\000e\000p\000\040\0002\000:\000\040\000M\000a\000n\000u\000a\000l\000\040\000A\000s\000s\000e\000m\000b\000l\000y\000\040\000o\000f\000\040\000t\000h\000e\000\040\000S\000h\000i\000m\000\040\000R\000i\000n\000g\000\040\000T\000a\000s\000k}{paragraph*.31}% 37
\BOOKMARK [3][-]{subsubsection*.34}{\376\377\000A\000s\000s\000e\000m\000b\000l\000y\000\040\000I\000n\000s\000t\000r\000u\000c\000t\000i\000o\000n\000s\000:\000\040\000G\000e\000a\000r\000\040\000A\000s\000s\000e\000m\000b\000l\000y}{subsection.2.1.2}% 38
\BOOKMARK [4][-]{paragraph*.35}{\376\377\000T\000a\000s\000k\000\040\0001\000:\000\040\0002\000\040\000G\000e\000a\000r\000s}{subsubsection*.34}% 39
\BOOKMARK [5][-]{subparagraph*.36}{\376\377\000S\000t\000e\000p\000\040\0001\000:\000\040\000P\000r\000e\000p\000a\000r\000e\000\040\000t\000h\000e\000\040\000C\000o\000m\000p\000o\000n\000e\000n\000t\000s}{paragraph*.35}% 40
\BOOKMARK [5][-]{subparagraph*.37}{\376\377\000S\000t\000e\000p\000\040\0002\000:\000\040\000M\000a\000n\000u\000a\000l\000\040\000A\000s\000s\000e\000m\000b\000l\000y\000\040\000o\000f\000\040\000t\000h\000e\000\040\0002\000\040\000G\000e\000a\000r\000s\000\040\000T\000a\000s\000k}{paragraph*.35}% 41
\BOOKMARK [4][-]{paragraph*.38}{\376\377\000T\000a\000s\000k\000\040\0002\000:\000\040\000H\000e\000l\000i\000c\000a\000l\000\040\000G\000e\000a\000r}{subsubsection*.34}% 42
\BOOKMARK [5][-]{subparagraph*.39}{\376\377\000S\000t\000e\000p\000\040\0001\000:\000\040\000P\000r\000e\000p\000a\000r\000e\000\040\000t\000h\000e\000\040\000C\000o\000m\000p\000o\000n\000e\000n\000t\000s}{paragraph*.38}% 43
\BOOKMARK [5][-]{subparagraph*.40}{\376\377\000S\000t\000e\000p\000\040\0002\000:\000\040\000M\000a\000n\000u\000a\000l\000\040\000A\000s\000s\000e\000m\000b\000l\000y\000\040\000o\000f\000\040\000t\000h\000e\000\040\000h\000e\000l\000i\000c\000a\000l\000\040\000G\000e\000a\000r\000\040\000T\000a\000s\000k}{paragraph*.38}% 44
\BOOKMARK [4][-]{paragraph*.41}{\376\377\000T\000a\000s\000k\000\040\0003\000:\000\040\0003\000\040\000G\000e\000a\000r\000s}{subsubsection*.34}% 45
\BOOKMARK [5][-]{subparagraph*.42}{\376\377\000S\000t\000e\000p\000\040\0001\000:\000\040\000P\000r\000e\000p\000a\000r\000e\000\040\000t\000h\000e\000\040\000C\000o\000m\000p\000o\000n\000e\000n\000t\000s}{paragraph*.41}% 46
\BOOKMARK [5][-]{subparagraph*.43}{\376\377\000S\000t\000e\000p\000\040\0002\000:\000\040\000M\000a\000n\000u\000a\000l\000\040\000A\000s\000s\000e\000m\000b\000l\000y\000\040\000o\000f\000\040\000t\000h\000e\000\040\0003\000\040\000G\000e\000a\000r\000s\000\040\000T\000a\000s\000k\000\040\000A\000s\000s\000e\000m\000b\000l\000y}{paragraph*.41}% 47
\BOOKMARK [3][-]{subsubsection*.44}{\376\377\000A\000s\000s\000e\000m\000b\000l\000y\000\040\000I\000n\000s\000t\000r\000u\000c\000t\000i\000o\000n\000s\000:\000\040\000S\000c\000r\000e\000w\000s\000\040\000a\000n\000d\000\040\000N\000u\000t\000s}{subsection.2.1.2}% 48
\BOOKMARK [4][-]{paragraph*.45}{\376\377\000T\000a\000s\000k\000\040\0001\000:\000\040\000H\000e\000x\000a\000g\000o\000n\000\040\000S\000o\000c\000k\000e\000t\000\040\000S\000c\000r\000e\000w}{subsubsection*.44}% 49
\BOOKMARK [5][-]{subparagraph*.46}{\376\377\000S\000t\000e\000p\000\040\0001\000:\000\040\000P\000r\000e\000p\000a\000r\000e\000\040\000t\000h\000e\000\040\000C\000o\000m\000p\000o\000n\000e\000n\000t\000s}{paragraph*.45}% 50
\BOOKMARK [5][-]{subparagraph*.47}{\376\377\000S\000t\000e\000p\000\040\0002\000:\000\040\000M\000a\000n\000u\000a\000l\000\040\000A\000s\000s\000e\000m\000b\000l\000y\000\040\000o\000f\000\040\000t\000h\000e\000\040\000H\000e\000x\000a\000g\000o\000n\000a\000l\000\040\000S\000o\000c\000k\000e\000t\000\040\000S\000c\000r\000e\000w\000\040\000T\000a\000s\000k}{paragraph*.45}% 51
\BOOKMARK [5][-]{subparagraph*.48}{\376\377\000S\000t\000e\000p\000\040\0003\000:\000\040\000M\000a\000n\000u\000a\000l\000\040\000F\000i\000x\000a\000t\000i\000o\000n\000\040\000o\000f\000\040\000t\000h\000e\000\040\000A\000s\000s\000e\000m\000b\000l\000y\000\040\000o\000n\000\040\000t\000h\000e\000\040\000T\000a\000s\000k\000b\000o\000a\000r\000d}{paragraph*.45}% 52
\BOOKMARK [4][-]{paragraph*.49}{\376\377\000T\000a\000s\000k\000\040\0002\000:\000\040\000N\000u\000t\000\040\000A\000s\000s\000e\000m\000b\000l\000y\000\040\000w\000i\000t\000h\000\040\000D\000i\000f\000f\000i\000c\000u\000l\000t\000\040\000A\000c\000c\000e\000s\000s\000i\000b\000i\000l\000i\000t\000y}{subsubsection*.44}% 53
\BOOKMARK [5][-]{subparagraph*.50}{\376\377\000S\000t\000e\000p\000\040\0001\000:\000\040\000P\000r\000e\000p\000a\000r\000e\000\040\000t\000h\000e\000\040\000C\000o\000m\000p\000o\000n\000e\000n\000t\000s}{paragraph*.49}% 54
\BOOKMARK [5][-]{subparagraph*.51}{\376\377\000S\000t\000e\000p\000\040\0002\000:\000\040\000M\000a\000n\000u\000a\000l\000\040\000A\000s\000s\000e\000m\000b\000l\000y\000\040\000o\000f\000\040\000t\000h\000e\000\040\000N\000u\000t\000\040\000A\000s\000s\000e\000m\000b\000l\000y\000\040\000T\000a\000s\000k}{paragraph*.49}% 55
\BOOKMARK [5][-]{subparagraph*.52}{\376\377\000S\000t\000e\000p\000\040\0003\000:\000\040\000M\000a\000n\000u\000a\000l\000\040\000F\000i\000x\000a\000t\000i\000o\000n\000\040\000o\000f\000\040\000t\000h\000e\000\040\000A\000s\000s\000e\000m\000b\000l\000y\000\040\000o\000n\000\040\000t\000h\000e\000\040\000T\000a\000s\000k\000b\000o\000a\000r\000d}{paragraph*.49}% 56
\BOOKMARK [4][-]{paragraph*.53}{\376\377\000T\000a\000s\000k\000\040\0003\000:\000\040\000M\000u\000l\000t\000i\000p\000l\000e\000\040\000S\000c\000r\000e\000w\000s\000\040\000w\000i\000t\000h\000\040\000t\000h\000e\000\040\000R\000i\000s\000k\000\040\000o\000f\000\040\000T\000i\000l\000t\000i\000n\000g}{subsubsection*.44}% 57
\BOOKMARK [5][-]{subparagraph*.54}{\376\377\000S\000t\000e\000p\000\040\0001\000:\000\040\000P\000r\000e\000p\000a\000r\000e\000\040\000t\000h\000e\000\040\000C\000o\000m\000p\000o\000n\000e\000n\000t\000s}{paragraph*.53}% 58
\BOOKMARK [5][-]{subparagraph*.55}{\376\377\000S\000t\000e\000p\000\040\0002\000:\000\040\000M\000a\000n\000u\000a\000l\000\040\000A\000s\000s\000e\000m\000b\000l\000y\000\040\000o\000f\000\040\000t\000h\000e\000\040\000H\000e\000x\000a\000g\000o\000n\000a\000l\000\040\000S\000o\000c\000k\000e\000t\000\040\000S\000c\000r\000e\000w\000\040\000T\000a\000s\000k}{paragraph*.53}% 59
\BOOKMARK [3][-]{subsubsection*.56}{\376\377\000A\000s\000s\000e\000m\000b\000l\000y\000\040\000I\000n\000s\000t\000r\000u\000c\000t\000i\000o\000n\000s\000:\000\040\000E\000l\000a\000s\000t\000i\000c\000\040\000D\000e\000f\000o\000r\000m\000a\000t\000i\000o\000n}{subsection.2.1.2}% 60
\BOOKMARK [4][-]{paragraph*.57}{\376\377\000T\000a\000s\000k\000\040\0001\000:\000\040\000S\000n\000a\000p\000\040\000H\000o\000o\000k}{subsubsection*.56}% 61
\BOOKMARK [5][-]{subparagraph*.58}{\376\377\000S\000t\000e\000p\000\040\0001\000:\000\040\000P\000r\000e\000p\000a\000r\000e\000\040\000t\000h\000e\000\040\000C\000o\000m\000p\000o\000n\000e\000n\000t\000s}{paragraph*.57}% 62
\BOOKMARK [5][-]{subparagraph*.59}{\376\377\000S\000t\000e\000p\000\040\0002\000:\000\040\000M\000a\000n\000u\000a\000l\000\040\000f\000i\000x\000a\000t\000i\000o\000n\000\040\000o\000f\000\040\000t\000h\000e\000\040\000h\000o\000u\000s\000i\000n\000g\000\040\000o\000n\000\040\000t\000h\000e\000\040\000T\000a\000s\000k\000\040\000B\000o\000a\000r\000d}{paragraph*.57}% 63
\BOOKMARK [4][-]{paragraph*.60}{\376\377\000T\000a\000s\000k\000\040\0002\000:\000\040\000S\000p\000r\000i\000n\000g}{subsubsection*.56}% 64
\BOOKMARK [5][-]{subparagraph*.61}{\376\377\000S\000t\000e\000p\000\040\0001\000:\000\040\000P\000r\000e\000p\000a\000r\000e\000\040\000t\000h\000e\000\040\000C\000o\000m\000p\000o\000n\000e\000n\000t\000s}{paragraph*.60}% 65
\BOOKMARK [5][-]{subparagraph*.62}{\376\377\000S\000t\000e\000p\000\040\0002\000:\000\040\000M\000a\000n\000u\000a\000l\000\040\000f\000i\000x\000a\000t\000i\000o\000n\000\040\000o\000f\000\040\000t\000h\000e\000\040\000h\000o\000u\000s\000i\000n\000g\000\040\000o\000n\000\040\000t\000h\000e\000\040\000T\000a\000s\000k\000\040\000B\000o\000a\000r\000d}{paragraph*.60}% 66
\BOOKMARK [4][-]{paragraph*.63}{\376\377\000T\000a\000s\000k\000\040\0003\000:\000\040\000C\000i\000r\000c\000l\000i\000p}{subsubsection*.56}% 67
\BOOKMARK [5][-]{subparagraph*.64}{\376\377\000S\000t\000e\000p\000\040\0001\000:\000\040\000P\000r\000e\000p\000a\000r\000e\000\040\000t\000h\000e\000\040\000C\000o\000m\000p\000o\000n\000e\000n\000t\000s}{paragraph*.63}% 68
\BOOKMARK [5][-]{subparagraph*.65}{\376\377\000S\000t\000e\000p\000\040\0002\000:\000\040\000M\000a\000n\000u\000a\000l\000\040\000f\000i\000x\000a\000t\000i\000o\000n\000\040\000o\000f\000\040\000t\000h\000e\000\040\000h\000o\000u\000s\000i\000n\000g\000\040\000o\000n\000\040\000t\000h\000e\000\040\000T\000a\000s\000k\000\040\000B\000o\000a\000r\000d}{paragraph*.63}% 69
\BOOKMARK [3][-]{subsubsection*.66}{\376\377\000L\000i\000s\000t\000\040\000o\000f\000\040\000r\000e\000q\000u\000i\000r\000e\000d\000\040\000C\000o\000m\000p\000o\000n\000e\000n\000t\000s}{subsection.2.1.2}% 70
\BOOKMARK [1][-]{section.2.2}{\376\377\000T\000a\000s\000k\000\040\000D\000e\000s\000c\000r\000i\000p\000t\000i\000o\000n\000s}{chapter.2}% 71
\BOOKMARK [2][-]{subsection.2.2.1}{\376\377\000H\000o\000w\000\040\000t\000o\000\040\000u\000s\000e\000\040\000t\000h\000i\000s\000\040\000g\000u\000i\000d\000e}{section.2.2}% 72
\BOOKMARK [2][-]{subsection.2.2.2}{\376\377\000A\000s\000s\000e\000m\000b\000l\000y\000\040\000T\000a\000s\000k}{section.2.2}% 73
\BOOKMARK [3][-]{subsubsection*.67}{\376\377\000P\000e\000g\000\040\000i\000n\000\040\000H\000o\000l\000e\000\040\000T\000a\000s\000k\000s}{subsection.2.2.2}% 74
\BOOKMARK [4][-]{paragraph*.68}{\376\377\000T\000a\000s\000k\000\040\0001\000:\000\040\000R\000o\000u\000n\000d\000\040\000P\000e\000g}{subsubsection*.67}% 75
\BOOKMARK [5][-]{subparagraph*.69}{\376\377\000D\000e\000s\000c\000r\000i\000p\000t\000i\000o\000n\000:}{paragraph*.68}% 76
\BOOKMARK [5][-]{subparagraph*.70}{\376\377\000T\000e\000s\000t\000\040\000O\000b\000j\000e\000c\000t\000i\000v\000e\000:}{paragraph*.68}% 77
\BOOKMARK [5][-]{subparagraph*.71}{\376\377\000S\000u\000c\000c\000e\000s\000s\000\040\000C\000r\000i\000t\000e\000r\000i\000a\000:}{paragraph*.68}% 78
\BOOKMARK [4][-]{paragraph*.72}{\376\377\000T\000a\000s\000k\000\040\0002\000:\000\040\000S\000p\000l\000i\000n\000e\000d\000\040\000S\000h\000a\000f\000t\000\040\000P\000e\000g}{subsubsection*.67}% 79
\BOOKMARK [5][-]{subparagraph*.73}{\376\377\000D\000e\000s\000c\000r\000i\000p\000t\000i\000o\000n\000:}{paragraph*.72}% 80
\BOOKMARK [5][-]{subparagraph*.74}{\376\377\000T\000e\000s\000t\000\040\000O\000b\000j\000e\000c\000t\000i\000v\000e\000:}{paragraph*.72}% 81
\BOOKMARK [5][-]{subparagraph*.75}{\376\377\000S\000u\000c\000c\000e\000s\000s\000\040\000C\000r\000i\000t\000e\000r\000i\000a\000:}{paragraph*.72}% 82
\BOOKMARK [4][-]{paragraph*.76}{\376\377\000T\000a\000s\000k\000\040\0003\000:\000\040\000B\000N\000C\000-\000C\000o\000n\000n\000e\000c\000t\000o\000r}{subsubsection*.67}% 83
\BOOKMARK [5][-]{subparagraph*.77}{\376\377\000D\000e\000s\000c\000r\000i\000p\000t\000i\000o\000n\000:}{paragraph*.76}% 84
\BOOKMARK [5][-]{subparagraph*.78}{\376\377\000T\000e\000s\000t\000\040\000O\000b\000j\000e\000c\000t\000i\000v\000e\000:}{paragraph*.76}% 85
\BOOKMARK [5][-]{subparagraph*.79}{\376\377\000S\000u\000c\000c\000e\000s\000s\000\040\000C\000r\000i\000t\000e\000r\000i\000a\000:}{paragraph*.76}% 86
\BOOKMARK [3][-]{subsubsection*.80}{\376\377\000P\000i\000c\000k\000\040\000a\000n\000d\000\040\000P\000l\000a\000c\000e\000\040\000T\000a\000s\000k\000s}{subsection.2.2.2}% 87
\BOOKMARK [4][-]{paragraph*.81}{\376\377\000T\000a\000s\000k\000\040\0001\000:\000\040\000H\000o\000u\000s\000i\000n\000g\000\040\000P\000a\000r\000t\000s}{subsubsection*.80}% 88
\BOOKMARK [5][-]{subparagraph*.82}{\376\377\000D\000e\000s\000c\000r\000i\000p\000t\000i\000o\000n\000:}{paragraph*.81}% 89
\BOOKMARK [5][-]{subparagraph*.83}{\376\377\000T\000e\000s\000t\000\040\000O\000b\000j\000e\000c\000t\000i\000v\000e\000:}{paragraph*.81}% 90
\BOOKMARK [5][-]{subparagraph*.84}{\376\377\000S\000u\000c\000c\000e\000s\000s\000\040\000C\000r\000i\000t\000e\000r\000i\000a\000:}{paragraph*.81}% 91
\BOOKMARK [4][-]{paragraph*.85}{\376\377\000T\000a\000s\000k\000\040\0002\000:\000\040\000F\000e\000a\000t\000h\000e\000r\000\040\000K\000e\000y}{subsubsection*.80}% 92
\BOOKMARK [5][-]{subparagraph*.86}{\376\377\000D\000e\000s\000c\000r\000i\000p\000t\000i\000o\000n\000:}{paragraph*.85}% 93
\BOOKMARK [5][-]{subparagraph*.87}{\376\377\000T\000e\000s\000t\000\040\000O\000b\000j\000e\000c\000t\000i\000v\000e\000:}{paragraph*.85}% 94
\BOOKMARK [5][-]{subparagraph*.88}{\376\377\000S\000u\000c\000c\000e\000s\000s\000\040\000C\000r\000i\000t\000e\000r\000i\000a\000:}{paragraph*.85}% 95
\BOOKMARK [4][-]{paragraph*.89}{\376\377\000T\000a\000s\000k\000\040\0003\000:\000\040\000S\000h\000i\000m\000\040\000R\000i\000n\000g}{subsubsection*.80}% 96
\BOOKMARK [5][-]{subparagraph*.90}{\376\377\000D\000e\000s\000c\000r\000i\000p\000t\000i\000o\000n\000:}{paragraph*.89}% 97
\BOOKMARK [5][-]{subparagraph*.91}{\376\377\000T\000e\000s\000t\000\040\000O\000b\000j\000e\000c\000t\000i\000v\000e\000:}{paragraph*.89}% 98
\BOOKMARK [5][-]{subparagraph*.92}{\376\377\000S\000u\000c\000c\000e\000s\000s\000\040\000C\000r\000i\000t\000e\000r\000i\000a\000:}{paragraph*.89}% 99
\BOOKMARK [3][-]{subsubsection*.93}{\376\377\000G\000e\000a\000r\000\040\000A\000s\000s\000e\000m\000b\000l\000y\000\040\000T\000a\000s\000k\000s}{subsection.2.2.2}% 100
\BOOKMARK [4][-]{paragraph*.94}{\376\377\000T\000a\000s\000k\000\040\0001\000:\000\040\000T\000w\000o\000\040\000G\000e\000a\000r\000s}{subsubsection*.93}% 101
\BOOKMARK [5][-]{subparagraph*.95}{\376\377\000D\000e\000s\000c\000r\000i\000p\000t\000i\000o\000n\000:}{paragraph*.94}% 102
\BOOKMARK [5][-]{subparagraph*.96}{\376\377\000T\000e\000s\000t\000\040\000O\000b\000j\000e\000c\000t\000i\000v\000e\000:}{paragraph*.94}% 103
\BOOKMARK [5][-]{subparagraph*.97}{\376\377\000S\000u\000c\000c\000e\000s\000s\000\040\000C\000r\000i\000t\000e\000r\000i\000a\000:}{paragraph*.94}% 104
\BOOKMARK [4][-]{paragraph*.98}{\376\377\000T\000a\000s\000k\000\040\0002\000:\000\040\000G\000e\000a\000r\000\040\000w\000i\000t\000h\000\040\000H\000e\000l\000i\000c\000a\000l\000\040\000T\000e\000e\000t\000h}{subsubsection*.93}% 105
\BOOKMARK [5][-]{subparagraph*.99}{\376\377\000D\000e\000s\000c\000r\000i\000p\000t\000i\000o\000n\000:}{paragraph*.98}% 106
\BOOKMARK [5][-]{subparagraph*.100}{\376\377\000T\000e\000s\000t\000\040\000O\000b\000j\000e\000c\000t\000i\000v\000e\000:}{paragraph*.98}% 107
\BOOKMARK [5][-]{subparagraph*.101}{\376\377\000S\000u\000c\000c\000e\000s\000s\000\040\000C\000r\000i\000t\000e\000r\000i\000a\000:}{paragraph*.98}% 108
\BOOKMARK [4][-]{paragraph*.102}{\376\377\000T\000a\000s\000k\000\040\0003\000:\000\040\000T\000h\000r\000e\000e\000\040\000G\000e\000a\000r\000s\000\040\000w\000i\000t\000h\000\040\000G\000r\000o\000o\000v\000e\000s}{subsubsection*.93}% 109
\BOOKMARK [5][-]{subparagraph*.103}{\376\377\000D\000e\000s\000c\000r\000i\000p\000t\000i\000o\000n\000:}{paragraph*.102}% 110
\BOOKMARK [5][-]{subparagraph*.104}{\376\377\000T\000e\000s\000t\000\040\000O\000b\000j\000e\000c\000t\000i\000v\000e\000:}{paragraph*.102}% 111
\BOOKMARK [5][-]{subparagraph*.105}{\376\377\000S\000u\000c\000c\000e\000s\000s\000\040\000C\000r\000i\000t\000e\000r\000i\000a\000:}{paragraph*.102}% 112
\BOOKMARK [3][-]{subsubsection*.106}{\376\377\000T\000a\000s\000k\000s\000\040\000i\000n\000v\000o\000l\000v\000i\000n\000g\000\040\000S\000c\000r\000e\000w\000s\000\040\000a\000n\000d\000\040\000N\000u\000t\000s}{subsection.2.2.2}% 113
\BOOKMARK [4][-]{paragraph*.107}{\376\377\000T\000a\000s\000k\000\040\0001\000:\000\040\000V\000e\000r\000t\000i\000c\000a\000l\000\040\000S\000c\000r\000e\000w\000\040\000I\000n\000s\000e\000r\000t\000i\000o\000n}{subsubsection*.106}% 114
\BOOKMARK [5][-]{subparagraph*.108}{\376\377\000D\000e\000s\000c\000r\000i\000p\000t\000i\000o\000n\000:}{paragraph*.107}% 115
\BOOKMARK [5][-]{subparagraph*.109}{\376\377\000T\000e\000s\000t\000\040\000O\000b\000j\000e\000c\000t\000i\000v\000e\000:}{paragraph*.107}% 116
\BOOKMARK [5][-]{subparagraph*.110}{\376\377\000S\000u\000c\000c\000e\000s\000s\000\040\000C\000r\000i\000t\000e\000r\000i\000a\000:}{paragraph*.107}% 117
\BOOKMARK [4][-]{paragraph*.111}{\376\377\000T\000a\000s\000k\000\040\0002\000:\000\040\000N\000u\000t\000\040\000A\000s\000s\000e\000m\000b\000l\000y\000\040\000w\000i\000t\000h\000\040\000L\000i\000m\000i\000t\000e\000d\000\040\000A\000c\000c\000e\000s\000s\000i\000b\000i\000l\000i\000t\000y}{subsubsection*.106}% 118
\BOOKMARK [5][-]{subparagraph*.112}{\376\377\000D\000e\000s\000c\000r\000i\000p\000t\000i\000o\000n\000:}{paragraph*.111}% 119
\BOOKMARK [5][-]{subparagraph*.113}{\376\377\000T\000e\000s\000t\000\040\000O\000b\000j\000e\000c\000t\000i\000v\000e\000:}{paragraph*.111}% 120
\BOOKMARK [5][-]{subparagraph*.114}{\376\377\000S\000u\000c\000c\000e\000s\000s\000\040\000C\000r\000i\000t\000e\000r\000i\000a\000:}{paragraph*.111}% 121
\BOOKMARK [4][-]{paragraph*.115}{\376\377\000T\000a\000s\000k\000\040\0003\000:\000\040\000M\000u\000l\000t\000i\000-\000S\000c\000r\000e\000w\000\040\000A\000s\000s\000e\000m\000b\000l\000y\000\040\000w\000i\000t\000h\000\040\000A\000l\000i\000g\000n\000m\000e\000n\000t\000\040\000C\000o\000n\000s\000t\000r\000a\000i\000n\000t\000s}{subsubsection*.106}% 122
\BOOKMARK [5][-]{subparagraph*.116}{\376\377\000D\000e\000s\000c\000r\000i\000p\000t\000i\000o\000n\000:}{paragraph*.115}% 123
\BOOKMARK [5][-]{subparagraph*.117}{\376\377\000T\000e\000s\000t\000\040\000O\000b\000j\000e\000c\000t\000i\000v\000e\000:}{paragraph*.115}% 124
\BOOKMARK [5][-]{subparagraph*.118}{\376\377\000S\000u\000c\000c\000e\000s\000s\000\040\000C\000r\000i\000t\000e\000r\000i\000a\000:}{paragraph*.115}% 125
\BOOKMARK [3][-]{subsubsection*.119}{\376\377\000T\000a\000s\000k\000s\000\040\000w\000i\000t\000h\000\040\000E\000l\000a\000s\000t\000i\000c\000\040\000D\000e\000f\000o\000r\000m\000a\000t\000i\000o\000n}{subsection.2.2.2}% 126
\BOOKMARK [4][-]{paragraph*.120}{\376\377\000T\000a\000s\000k\000\040\0001\000:\000\040\000S\000n\000a\000p\000\040\000H\000o\000o\000k}{subsubsection*.119}% 127
\BOOKMARK [5][-]{subparagraph*.121}{\376\377\000D\000e\000s\000c\000r\000i\000p\000t\000i\000o\000n\000:}{paragraph*.120}% 128
\BOOKMARK [5][-]{subparagraph*.122}{\376\377\000T\000e\000s\000t\000\040\000O\000b\000j\000e\000c\000t\000i\000v\000e\000:}{paragraph*.120}% 129
\BOOKMARK [5][-]{subparagraph*.123}{\376\377\000S\000u\000c\000c\000e\000s\000s\000\040\000C\000r\000i\000t\000e\000r\000i\000a\000:}{paragraph*.120}% 130
\BOOKMARK [4][-]{paragraph*.124}{\376\377\000T\000a\000s\000k\000\040\0002\000:\000\040\000S\000p\000r\000i\000n\000g}{subsubsection*.119}% 131
\BOOKMARK [5][-]{subparagraph*.125}{\376\377\000D\000e\000s\000c\000r\000i\000p\000t\000i\000o\000n\000:}{paragraph*.124}% 132
\BOOKMARK [5][-]{subparagraph*.126}{\376\377\000T\000e\000s\000t\000\040\000O\000b\000j\000e\000c\000t\000i\000v\000e\000:}{paragraph*.124}% 133
\BOOKMARK [5][-]{subparagraph*.127}{\376\377\000S\000u\000c\000c\000e\000s\000s\000\040\000C\000r\000i\000t\000e\000r\000i\000a\000:}{paragraph*.124}% 134
\BOOKMARK [4][-]{paragraph*.128}{\376\377\000T\000a\000s\000k\000\040\0003\000:\000\040\000C\000i\000r\000c\000l\000i\000p\000\040\000A\000s\000s\000e\000m\000b\000l\000y}{subsubsection*.119}% 135
\BOOKMARK [5][-]{subparagraph*.129}{\376\377\000D\000e\000s\000c\000r\000i\000p\000t\000i\000o\000n\000:}{paragraph*.128}% 136
\BOOKMARK [5][-]{subparagraph*.130}{\376\377\000T\000e\000s\000t\000\040\000O\000b\000j\000e\000c\000t\000i\000v\000e\000:}{paragraph*.128}% 137
\BOOKMARK [5][-]{subparagraph*.131}{\376\377\000S\000u\000c\000c\000e\000s\000s\000\040\000C\000r\000i\000t\000e\000r\000i\000a\000:}{paragraph*.128}% 138
\BOOKMARK [4][-]{paragraph*.132}{\376\377\000T\000a\000s\000k\000\040\0003\000.\0001\000:\000\040\000C\000i\000r\000c\000l\000i\000p\000\040\000R\000e\000m\000o\000v\000a\000l}{subsubsection*.119}% 139
\BOOKMARK [5][-]{subparagraph*.133}{\376\377\000D\000e\000s\000c\000r\000i\000p\000t\000i\000o\000n\000:}{paragraph*.132}% 140
\BOOKMARK [5][-]{subparagraph*.134}{\376\377\000T\000e\000s\000t\000\040\000O\000b\000j\000e\000c\000t\000i\000v\000e\000:}{paragraph*.132}% 141
\BOOKMARK [5][-]{subparagraph*.135}{\376\377\000S\000u\000c\000c\000e\000s\000s\000\040\000C\000r\000i\000t\000e\000r\000i\000a\000:}{paragraph*.132}% 142
