This is pdfTeX, Version 3.141592653-2.6-1.40.26 (TeX Live 2024) (preloaded format=pdflatex 2025.1.29)  6 JUN 2025 09:15
entering extended mode
 restricted \write18 enabled.
 %&-line parsing enabled.
**industrialassemblytaskboard.tex
(./industrialassemblytaskboard.tex
LaTeX2e <2024-11-01> patch level 1
L3 programming layer <2024-12-25>
(./sphinxmanual.cls
Document Class: sphinxmanual 2019/12/01 v2.3.0 Document class (Sphinx manual)
(d:/texlive/2024/texmf-dist/tex/latex/base/report.cls
Document Class: report 2024/06/29 v1.4n Standard LaTeX document class
(d:/texlive/2024/texmf-dist/tex/latex/base/size10.clo
File: size10.clo 2024/06/29 v1.4n Standard LaTeX file (size option)
)
\c@part=\count196
\c@chapter=\count197
\c@section=\count198
\c@subsection=\count199
\c@subsubsection=\count266
\c@paragraph=\count267
\c@subparagraph=\count268
\c@figure=\count269
\c@table=\count270
\abovecaptionskip=\skip49
\belowcaptionskip=\skip50
\bibindent=\dimen141
)
LaTeX Info: Redefining \and on input line 35.
)
(d:/texlive/2024/texmf-dist/tex/latex/base/inputenc.sty
Package: inputenc 2024/02/08 v1.3d Input encoding file
\inpenc@prehook=\toks17
\inpenc@posthook=\toks18
)
   defining Unicode char U+00A0 (decimal 160)
   defining Unicode char U+2500 (decimal 9472)
   defining Unicode char U+2502 (decimal 9474)
   defining Unicode char U+2514 (decimal 9492)
   defining Unicode char U+251C (decimal 9500)
   defining Unicode char U+2572 (decimal 9586)

(d:/texlive/2024/texmf-dist/tex/latex/cmap/cmap.sty
Package: cmap 2021/02/06 v1.0j CMap support: searchable PDF
)
(d:/texlive/2024/texmf-dist/tex/latex/base/fontenc.sty
Package: fontenc 2021/04/29 v2.0v Standard LaTeX package
<<t1.cmap>>)
(d:/texlive/2024/texmf-dist/tex/latex/amsmath/amsmath.sty
Package: amsmath 2024/11/05 v2.17t AMS math features
\@mathmargin=\skip51

For additional information on amsmath, use the `?' option.
(d:/texlive/2024/texmf-dist/tex/latex/amsmath/amstext.sty
Package: amstext 2021/08/26 v2.01 AMS text

(d:/texlive/2024/texmf-dist/tex/latex/amsmath/amsgen.sty
File: amsgen.sty 1999/11/30 v2.0 generic functions
\@emptytoks=\toks19
\ex@=\dimen142
))
(d:/texlive/2024/texmf-dist/tex/latex/amsmath/amsbsy.sty
Package: amsbsy 1999/11/29 v1.2d Bold Symbols
\pmbraise@=\dimen143
)
(d:/texlive/2024/texmf-dist/tex/latex/amsmath/amsopn.sty
Package: amsopn 2022/04/08 v2.04 operator names
)
\inf@bad=\count271
LaTeX Info: Redefining \frac on input line 233.
\uproot@=\count272
\leftroot@=\count273
LaTeX Info: Redefining \overline on input line 398.
LaTeX Info: Redefining \colon on input line 409.
\classnum@=\count274
\DOTSCASE@=\count275
LaTeX Info: Redefining \ldots on input line 495.
LaTeX Info: Redefining \dots on input line 498.
LaTeX Info: Redefining \cdots on input line 619.
\Mathstrutbox@=\box52
\strutbox@=\box53
LaTeX Info: Redefining \big on input line 721.
LaTeX Info: Redefining \Big on input line 722.
LaTeX Info: Redefining \bigg on input line 723.
LaTeX Info: Redefining \Bigg on input line 724.
\big@size=\dimen144
LaTeX Font Info:    Redeclaring font encoding OML on input line 742.
LaTeX Font Info:    Redeclaring font encoding OMS on input line 743.
\macc@depth=\count276
LaTeX Info: Redefining \bmod on input line 904.
LaTeX Info: Redefining \pmod on input line 909.
LaTeX Info: Redefining \smash on input line 939.
LaTeX Info: Redefining \relbar on input line 969.
LaTeX Info: Redefining \Relbar on input line 970.
\c@MaxMatrixCols=\count277
\dotsspace@=\muskip17
\c@parentequation=\count278
\dspbrk@lvl=\count279
\tag@help=\toks20
\row@=\count280
\column@=\count281
\maxfields@=\count282
\andhelp@=\toks21
\eqnshift@=\dimen145
\alignsep@=\dimen146
\tagshift@=\dimen147
\tagwidth@=\dimen148
\totwidth@=\dimen149
\lineht@=\dimen150
\@envbody=\toks22
\multlinegap=\skip52
\multlinetaggap=\skip53
\mathdisplay@stack=\toks23
LaTeX Info: Redefining \[ on input line 2953.
LaTeX Info: Redefining \] on input line 2954.
)
(d:/texlive/2024/texmf-dist/tex/latex/amsfonts/amssymb.sty
Package: amssymb 2013/01/14 v3.01 AMS font symbols

(d:/texlive/2024/texmf-dist/tex/latex/amsfonts/amsfonts.sty
Package: amsfonts 2013/01/14 v3.01 Basic AMSFonts support
\symAMSa=\mathgroup4
\symAMSb=\mathgroup5
LaTeX Font Info:    Redeclaring math symbol \hbar on input line 98.
LaTeX Font Info:    Overwriting math alphabet `\mathfrak' in version `bold'
(Font)                  U/euf/m/n --> U/euf/b/n on input line 106.
))
(d:/texlive/2024/texmf-dist/tex/generic/babel/babel.sty
Package: babel 2025/01/25 v25.2 The multilingual framework for pdfLaTeX, LuaLaT
eX and XeLaTeX
\babel@savecnt=\count283
\U@D=\dimen151
\l@unhyphenated=\language90

(d:/texlive/2024/texmf-dist/tex/generic/babel/txtbabel.def)
\bbl@readstream=\read2
\bbl@dirlevel=\count284

(d:/texlive/2024/texmf-dist/tex/generic/babel-english/english.ldf
Language: english 2017/06/06 v3.3r English support from the babel system
Package babel Info: Hyphen rules for 'canadian' set to \l@english
(babel)             (\language0). Reported on input line 102.
Package babel Info: Hyphen rules for 'australian' set to \l@ukenglish
(babel)             (\language24). Reported on input line 105.
Package babel Info: Hyphen rules for 'newzealand' set to \l@ukenglish
(babel)             (\language24). Reported on input line 108.
))
(d:/texlive/2024/texmf-dist/tex/generic/babel/locale/en/babel-english.tex
Package babel Info: Importing font and identification data for english
(babel)             from babel-en.ini. Reported on input line 11.
)
(d:/texlive/2024/texmf-dist/tex/latex/tex-gyre/tgtermes.sty
Package: tgtermes 2009/09/27 v1.2 TeX Gyre Termes as default roman family

(d:/texlive/2024/texmf-dist/tex/latex/kvoptions/kvoptions.sty
Package: kvoptions 2022-06-15 v3.15 Key value format for package options (HO)

(d:/texlive/2024/texmf-dist/tex/latex/graphics/keyval.sty
Package: keyval 2022/05/29 v1.15 key=value parser (DPC)
\KV@toks@=\toks24
)
(d:/texlive/2024/texmf-dist/tex/generic/ltxcmds/ltxcmds.sty
Package: ltxcmds 2023-12-04 v1.26 LaTeX kernel commands for general use (HO)
)
(d:/texlive/2024/texmf-dist/tex/latex/kvsetkeys/kvsetkeys.sty
Package: kvsetkeys 2022-10-05 v1.19 Key value parser (HO)
)))
(d:/texlive/2024/texmf-dist/tex/latex/tex-gyre/tgheros.sty
Package: tgheros 2009/09/27 v1.2 TeX Gyre Heros as default sans serif family
)
(d:/texlive/2024/texmf-dist/tex/latex/fncychap/fncychap.sty
Package: fncychap 2007/07/30 v1.34 LaTeX package (Revised chapters)
\RW=\skip54
\mylen=\skip55
\myhi=\skip56
\px=\skip57
\py=\skip58
\pyy=\skip59
\pxx=\skip60
\c@AlphaCnt=\count285
\c@AlphaDecCnt=\count286
) (./sphinx.sty
Package: sphinx 2023/03/19 v6.2.0 LaTeX package (Sphinx markup)

(d:/texlive/2024/texmf-dist/tex/latex/xcolor/xcolor.sty
Package: xcolor 2024/09/29 v3.02 LaTeX color extensions (UK)

(d:/texlive/2024/texmf-dist/tex/latex/graphics-cfg/color.cfg
File: color.cfg 2016/01/02 v1.6 sample color configuration
)
Package xcolor Info: Driver file: pdftex.def on input line 274.

(d:/texlive/2024/texmf-dist/tex/latex/graphics-def/pdftex.def
File: pdftex.def 2024/04/13 v1.2c Graphics/color driver for pdftex
)
(d:/texlive/2024/texmf-dist/tex/latex/graphics/mathcolor.ltx)
Package xcolor Info: Model `cmy' substituted by `cmy0' on input line 1349.
Package xcolor Info: Model `hsb' substituted by `rgb' on input line 1353.
Package xcolor Info: Model `RGB' extended on input line 1365.
Package xcolor Info: Model `HTML' substituted by `rgb' on input line 1367.
Package xcolor Info: Model `Hsb' substituted by `hsb' on input line 1368.
Package xcolor Info: Model `tHsb' substituted by `hsb' on input line 1369.
Package xcolor Info: Model `HSB' substituted by `hsb' on input line 1370.
Package xcolor Info: Model `Gray' substituted by `gray' on input line 1371.
Package xcolor Info: Model `wave' substituted by `hsb' on input line 1372.
)
(./sphinxoptionshyperref.sty
File: sphinxoptionshyperref.sty 2021/01/27 hyperref
) (./sphinxoptionsgeometry.sty
File: sphinxoptionsgeometry.sty 2021/01/27 geometry
)
(d:/texlive/2024/texmf-dist/tex/latex/base/textcomp.sty
Package: textcomp 2024/04/24 v2.1b Standard LaTeX package
)
(d:/texlive/2024/texmf-dist/tex/latex/float/float.sty
Package: float 2001/11/08 v1.3d Float enhancements (AL)
\c@float@type=\count287
\float@exts=\toks25
\float@box=\box54
\@float@everytoks=\toks26
\@floatcapt=\box55
)
(d:/texlive/2024/texmf-dist/tex/latex/wrapfig/wrapfig.sty
\wrapoverhang=\dimen152
\WF@size=\dimen153
\c@WF@wrappedlines=\count288
\WF@box=\box56
\WF@everypar=\toks27
Package: wrapfig 2003/01/31  v 3.6
)
(d:/texlive/2024/texmf-dist/tex/latex/capt-of/capt-of.sty
Package: capt-of 2009/12/29 v0.2 standard captions outside of floats
)
(d:/texlive/2024/texmf-dist/tex/latex/tools/multicol.sty
Package: multicol 2024/09/14 v1.9i multicolumn formatting (FMi)
\c@tracingmulticols=\count289
\mult@box=\box57
\multicol@leftmargin=\dimen154
\c@unbalance=\count290
\c@collectmore=\count291
\doublecol@number=\count292
\multicoltolerance=\count293
\multicolpretolerance=\count294
\full@width=\dimen155
\page@free=\dimen156
\premulticols=\dimen157
\postmulticols=\dimen158
\multicolsep=\skip61
\multicolbaselineskip=\skip62
\partial@page=\box58
\last@line=\box59
\mc@boxedresult=\box60
\maxbalancingoverflow=\dimen159
\mult@rightbox=\box61
\mult@grightbox=\box62
\mult@firstbox=\box63
\mult@gfirstbox=\box64
\@tempa=\box65
\@tempa=\box66
\@tempa=\box67
\@tempa=\box68
\@tempa=\box69
\@tempa=\box70
\@tempa=\box71
\@tempa=\box72
\@tempa=\box73
\@tempa=\box74
\@tempa=\box75
\@tempa=\box76
\@tempa=\box77
\@tempa=\box78
\@tempa=\box79
\@tempa=\box80
\@tempa=\box81
\@tempa=\box82
\@tempa=\box83
\@tempa=\box84
\@tempa=\box85
\@tempa=\box86
\@tempa=\box87
\@tempa=\box88
\@tempa=\box89
\@tempa=\box90
\@tempa=\box91
\@tempa=\box92
\@tempa=\box93
\@tempa=\box94
\@tempa=\box95
\@tempa=\box96
\@tempa=\box97
\@tempa=\box98
\@tempa=\box99
\@tempa=\box100
\c@minrows=\count295
\c@columnbadness=\count296
\c@finalcolumnbadness=\count297
\last@try=\dimen160
\multicolovershoot=\dimen161
\multicolundershoot=\dimen162
\mult@nat@firstbox=\box101
\colbreak@box=\box102
\mc@col@check@num=\count298
)
(d:/texlive/2024/texmf-dist/tex/latex/graphics/graphicx.sty
Package: graphicx 2021/09/16 v1.2d Enhanced LaTeX Graphics (DPC,SPQR)

(d:/texlive/2024/texmf-dist/tex/latex/graphics/graphics.sty
Package: graphics 2024/08/06 v1.4g Standard LaTeX Graphics (DPC,SPQR)

(d:/texlive/2024/texmf-dist/tex/latex/graphics/trig.sty
Package: trig 2023/12/02 v1.11 sin cos tan (DPC)
)
(d:/texlive/2024/texmf-dist/tex/latex/graphics-cfg/graphics.cfg
File: graphics.cfg 2016/06/04 v1.11 sample graphics configuration
)
Package graphics Info: Driver file: pdftex.def on input line 106.
)
\Gin@req@height=\dimen163
\Gin@req@width=\dimen164
)
(./sphinxlatexgraphics.sty
File: sphinxlatexgraphics.sty 2021/01/27 graphics
\spx@image@maxheight=\dimen165
\spx@image@box=\box103
) (./sphinxpackageboxes.sty
Package: sphinxpackageboxes 2023/03/19 v6.2.0 advanced colored boxes

(d:/texlive/2024/texmf-dist/tex/latex/pict2e/pict2e.sty
Package: pict2e 2020/09/30 v0.4b Improved picture commands (HjG,RN,JT)

(d:/texlive/2024/texmf-dist/tex/latex/pict2e/pict2e.cfg
File: pict2e.cfg 2016/02/05 v0.1u pict2e configuration for teTeX/TeXLive
)
Package pict2e Info: Driver file: pdftex.def on input line 112.
Package pict2e Info: Driver file for pict2e: p2e-pdftex.def on input line 114.

(d:/texlive/2024/texmf-dist/tex/latex/pict2e/p2e-pdftex.def
File: p2e-pdftex.def 2016/02/05 v0.1u Driver-dependant file (RN,HjG,JT)
)
\pIIe@GRAPH=\toks28
\@arclen=\dimen166
\@arcrad=\dimen167
\pIIe@tempdima=\dimen168
\pIIe@tempdimb=\dimen169
\pIIe@tempdimc=\dimen170
\pIIe@tempdimd=\dimen171
\pIIe@tempdime=\dimen172
\pIIe@tempdimf=\dimen173
)
(d:/texlive/2024/texmf-dist/tex/latex/ellipse/ellipse.sty
Package: ellipse 2004/11/05 v1.0 .dtx ellipse file
)
\@tempdimd=\dimen174
\spx@tempboxa=\box104
\spx@tempboxb=\box105
\spx@boxes@border=\dimen175
\spx@boxes@border@top=\dimen176
\spx@boxes@border@right=\dimen177
\spx@boxes@border@bottom=\dimen178
\spx@boxes@border@left=\dimen179
\spx@boxes@padding@top=\dimen180
\spx@boxes@padding@right=\dimen181
\spx@boxes@padding@bottom=\dimen182
\spx@boxes@padding@left=\dimen183
\spx@boxes@shadow@xoffset=\dimen184
\spx@boxes@shadow@yoffset=\dimen185
\spx@boxes@radius@topleft@x=\dimen186
\spx@boxes@radius@topright@x=\dimen187
\spx@boxes@radius@bottomright@x=\dimen188
\spx@boxes@radius@bottomleft@x=\dimen189
\spx@boxes@radius@topleft@y=\dimen190
\spx@boxes@radius@topright@y=\dimen191
\spx@boxes@radius@bottomright@y=\dimen192
\spx@boxes@radius@bottomleft@y=\dimen193
)
(./sphinxlatexadmonitions.sty
File: sphinxlatexadmonitions.sty 2023/03/19 admonitions

(d:/texlive/2024/texmf-dist/tex/latex/framed/framed.sty
Package: framed 2011/10/22 v 0.96: framed or shaded text with page breaks
\OuterFrameSep=\skip63
\fb@frw=\dimen194
\fb@frh=\dimen195
\FrameRule=\dimen196
\FrameSep=\dimen197
)
\spx@notice@border=\dimen198
)
(./sphinxlatexliterals.sty
File: sphinxlatexliterals.sty 2023/04/01 code-blocks and parsed literals

(d:/texlive/2024/texmf-dist/tex/latex/fancyvrb/fancyvrb.sty
Package: fancyvrb 2024/01/20 4.5c verbatim text (tvz,hv)
\FV@CodeLineNo=\count299
\FV@InFile=\read3
\FV@TabBox=\box106
\c@FancyVerbLine=\count300
\FV@StepNumber=\count301
\FV@OutFile=\write3
)
(d:/texlive/2024/texmf-dist/tex/latex/base/alltt.sty
Package: alltt 2024/07/07 v2.0g defines alltt environment
)
(d:/texlive/2024/texmf-dist/tex/latex/upquote/upquote.sty
Package: upquote 2012/04/19 v1.3 upright-quote and grave-accent glyphs in verba
tim
)
(d:/texlive/2024/texmf-dist/tex/latex/needspace/needspace.sty
Package: needspace 2010/09/12 v1.3d reserve vertical space
)
\sphinxcontinuationbox=\box107
\sphinxvisiblespacebox=\box108
\sphinxVerbatim@TitleBox=\box109
\sphinxVerbatim@ContentsBox=\box110
)
(./sphinxlatexshadowbox.sty
File: sphinxlatexshadowbox.sty 2023/03/19 sphinxShadowBox
) (./sphinxlatexcontainers.sty
File: sphinxlatexcontainers.sty 2021/05/03 containers
)
(./sphinxhighlight.sty
Package: sphinxhighlight 2022/06/30 stylesheet for highlighting with pygments
) (./sphinxlatextables.sty
File: sphinxlatextables.sty 2022/08/15 tables

(d:/texlive/2024/texmf-dist/tex/latex/tabulary/tabulary.sty
Package: tabulary 2024/06/04 v0.11 tabulary package (DPC)

(d:/texlive/2024/texmf-dist/tex/latex/tools/array.sty
Package: array 2024/10/17 v2.6g Tabular extension package (FMi)
\col@sep=\dimen199
\ar@mcellbox=\box111
\extrarowheight=\dimen256
\NC@list=\toks29
\extratabsurround=\skip64
\backup@length=\skip65
\ar@cellbox=\box112
)
\TY@count=\count302
\TY@linewidth=\dimen257
\tymin=\dimen258
\tymax=\dimen259
\TY@tablewidth=\dimen260
)
(d:/texlive/2024/texmf-dist/tex/latex/tools/longtable.sty
Package: longtable 2024-10-27 v4.22 Multi-page Table package (DPC)
\LTleft=\skip66
\LTright=\skip67
\LTpre=\skip68
\LTpost=\skip69
\LTchunksize=\count303
\LTcapwidth=\dimen261
\LT@head=\box113
\LT@firsthead=\box114
\LT@foot=\box115
\LT@lastfoot=\box116
\LT@gbox=\box117
\LT@cols=\count304
\LT@rows=\count305
\c@LT@tables=\count306
\c@LT@chunks=\count307
\LT@p@ftn=\toks30
)
(d:/texlive/2024/texmf-dist/tex/latex/varwidth/varwidth.sty
Package: varwidth 2009/03/30 ver 0.92;  Variable-width minipages
\@vwid@box=\box118
\sift@deathcycles=\count308
\@vwid@loff=\dimen262
\@vwid@roff=\dimen263
)
\sphinx@TY@tablewidth=\dimen264

(d:/texlive/2024/texmf-dist/tex/latex/colortbl/colortbl.sty
Package: colortbl 2024/07/06 v1.0i Color table columns (DPC)
\everycr=\toks31
\minrowclearance=\skip70
\rownum=\count309
)
(d:/texlive/2024/texmf-dist/tex/latex/booktabs/booktabs.sty
Package: booktabs 2020/01/12 v1.61803398 Publication quality tables
\heavyrulewidth=\dimen265
\lightrulewidth=\dimen266
\cmidrulewidth=\dimen267
\belowrulesep=\dimen268
\belowbottomsep=\dimen269
\aboverulesep=\dimen270
\abovetopsep=\dimen271
\cmidrulesep=\dimen272
\cmidrulekern=\dimen273
\defaultaddspace=\dimen274
\@cmidla=\count310
\@cmidlb=\count311
\@aboverulesep=\dimen275
\@belowrulesep=\dimen276
\@thisruleclass=\count312
\@lastruleclass=\count313
\@thisrulewidth=\dimen277
))
(./sphinxlatexnumfig.sty
File: sphinxlatexnumfig.sty 2021/01/27 numbering
) (./sphinxlatexlists.sty
File: sphinxlatexlists.sty 2021/12/20 lists
\spx@lineitemlabel=\toks32
)
\c@sphinxscope=\count314
 (./sphinxpackagefootnote.sty
Package: sphinxpackagefootnote 2022/08/15 v5.3.0 Sphinx custom footnotehyper pa
ckage (Sphinx team)
\FNH@notes=\box119
\FNH@toks=\toks33
\FNH@width=\dimen278
\c@sphinxfootnotemark=\count315
) (./sphinxlatexindbibtoc.sty
File: sphinxlatexindbibtoc.sty 2021/01/27 index, bib., toc

(d:/texlive/2024/texmf-dist/tex/latex/base/makeidx.sty
Package: makeidx 2021/10/04 v1.0m Standard LaTeX package
))
(./sphinxlatexstylepage.sty
File: sphinxlatexstylepage.sty 2021/01/27 page styling

(d:/texlive/2024/texmf-dist/tex/latex/parskip/parskip.sty
Rollback for package 'parskip' requested -> version 'v1'.
         This corresponds to the release introduced on 2001-04-09.

(d:/texlive/2024/texmf-dist/tex/latex/parskip/parskip-2001-04-09.sty
Package: parskip 2001/04/09 non-zero parskip adjustments
))
(d:/texlive/2024/texmf-dist/tex/latex/fancyhdr/fancyhdr.sty
Package: fancyhdr 2025/01/07 v5.1.1 Extensive control of page headers and foote
rs
\f@nch@headwidth=\skip71
\f@nch@offset@elh=\skip72
\f@nch@offset@erh=\skip73
\f@nch@offset@olh=\skip74
\f@nch@offset@orh=\skip75
\f@nch@offset@elf=\skip76
\f@nch@offset@erf=\skip77
\f@nch@offset@olf=\skip78
\f@nch@offset@orf=\skip79
\f@nch@height=\skip80
\f@nch@footalignment=\skip81
\f@nch@widthL=\skip82
\f@nch@widthC=\skip83
\f@nch@widthR=\skip84
\@temptokenb=\toks34
))
(./sphinxlatexstyleheadings.sty
File: sphinxlatexstyleheadings.sty 2023/02/11 headings

(d:/texlive/2024/texmf-dist/tex/latex/titlesec/titlesec.sty
Package: titlesec 2025/01/04 v2.17 Sectioning titles
\ttl@box=\box120
\beforetitleunit=\skip85
\aftertitleunit=\skip86
\ttl@plus=\dimen279
\ttl@minus=\dimen280
\ttl@toksa=\toks35
\titlewidth=\dimen281
\titlewidthlast=\dimen282
\titlewidthfirst=\dimen283
))
(./sphinxlatexstyletext.sty
File: sphinxlatexstyletext.sty 2023/07/23 text styling
) (./sphinxlatexobjects.sty
File: sphinxlatexobjects.sty 2023/07/23 documentation environments
\sphinxsignaturesep=\skip87
\sphinxsignaturelistskip=\skip88
\py@argswidth=\skip89
\lineblockindentation=\skip90
\DUlineblockindent=\skip91
))
(d:/texlive/2024/texmf-dist/tex/latex/geometry/geometry.sty
Package: geometry 2020/01/02 v5.9 Page Geometry

(d:/texlive/2024/texmf-dist/tex/generic/iftex/ifvtex.sty
Package: ifvtex 2019/10/25 v1.7 ifvtex legacy package. Use iftex instead.

(d:/texlive/2024/texmf-dist/tex/generic/iftex/iftex.sty
Package: iftex 2024/12/12 v1.0g TeX engine tests
))
\Gm@cnth=\count316
\Gm@cntv=\count317
\c@Gm@tempcnt=\count318
\Gm@bindingoffset=\dimen284
\Gm@wd@mp=\dimen285
\Gm@odd@mp=\dimen286
\Gm@even@mp=\dimen287
\Gm@layoutwidth=\dimen288
\Gm@layoutheight=\dimen289
\Gm@layouthoffset=\dimen290
\Gm@layoutvoffset=\dimen291
\Gm@dimlist=\toks36
)
(d:/texlive/2024/texmf-dist/tex/latex/hyperref/hyperref.sty
Package: hyperref 2024-11-05 v7.01l Hypertext links for LaTeX

(d:/texlive/2024/texmf-dist/tex/generic/kvdefinekeys/kvdefinekeys.sty
Package: kvdefinekeys 2019-12-19 v1.6 Define keys (HO)
)
(d:/texlive/2024/texmf-dist/tex/generic/pdfescape/pdfescape.sty
Package: pdfescape 2019/12/09 v1.15 Implements pdfTeX's escape features (HO)

(d:/texlive/2024/texmf-dist/tex/generic/pdftexcmds/pdftexcmds.sty
Package: pdftexcmds 2020-06-27 v0.33 Utility functions of pdfTeX for LuaTeX (HO
)

(d:/texlive/2024/texmf-dist/tex/generic/infwarerr/infwarerr.sty
Package: infwarerr 2019/12/03 v1.5 Providing info/warning/error messages (HO)
)
Package pdftexcmds Info: \pdf@primitive is available.
Package pdftexcmds Info: \pdf@ifprimitive is available.
Package pdftexcmds Info: \pdfdraftmode found.
))
(d:/texlive/2024/texmf-dist/tex/latex/hycolor/hycolor.sty
Package: hycolor 2020-01-27 v1.10 Color options for hyperref/bookmark (HO)
)
(d:/texlive/2024/texmf-dist/tex/latex/hyperref/nameref.sty
Package: nameref 2023-11-26 v2.56 Cross-referencing by name of section

(d:/texlive/2024/texmf-dist/tex/latex/refcount/refcount.sty
Package: refcount 2019/12/15 v3.6 Data extraction from label references (HO)
)
(d:/texlive/2024/texmf-dist/tex/generic/gettitlestring/gettitlestring.sty
Package: gettitlestring 2019/12/15 v1.6 Cleanup title references (HO)
)
\c@section@level=\count319
)
(d:/texlive/2024/texmf-dist/tex/latex/etoolbox/etoolbox.sty
Package: etoolbox 2020/10/05 v2.5k e-TeX tools for LaTeX (JAW)
\etb@tempcnta=\count320
)
(d:/texlive/2024/texmf-dist/tex/generic/stringenc/stringenc.sty
Package: stringenc 2019/11/29 v1.12 Convert strings between diff. encodings (HO
)
)
\@linkdim=\dimen292
\Hy@linkcounter=\count321
\Hy@pagecounter=\count322

(d:/texlive/2024/texmf-dist/tex/latex/hyperref/pd1enc.def
File: pd1enc.def 2024-11-05 v7.01l Hyperref: PDFDocEncoding definition (HO)
Now handling font encoding PD1 ...
... no UTF-8 mapping file for font encoding PD1
)
(d:/texlive/2024/texmf-dist/tex/generic/intcalc/intcalc.sty
Package: intcalc 2019/12/15 v1.3 Expandable calculations with integers (HO)
)
\Hy@SavedSpaceFactor=\count323

(d:/texlive/2024/texmf-dist/tex/latex/hyperref/puenc.def
File: puenc.def 2024-11-05 v7.01l Hyperref: PDF Unicode definition (HO)
Now handling font encoding PU ...
... no UTF-8 mapping file for font encoding PU
)
Package hyperref Info: Option `unicode' set `true' on input line 4040.
Package hyperref Info: Option `colorlinks' set `true' on input line 4040.
Package hyperref Info: Option `breaklinks' set `true' on input line 4040.
Package hyperref Info: Hyper figures OFF on input line 4157.
Package hyperref Info: Link nesting OFF on input line 4162.
Package hyperref Info: Hyper index ON on input line 4165.
Package hyperref Info: Plain pages OFF on input line 4172.
Package hyperref Info: Backreferencing OFF on input line 4177.
Package hyperref Info: Implicit mode ON; LaTeX internals redefined.
Package hyperref Info: Bookmarks ON on input line 4424.
\c@Hy@tempcnt=\count324

(d:/texlive/2024/texmf-dist/tex/latex/url/url.sty
\Urlmuskip=\muskip18
Package: url 2013/09/16  ver 3.4  Verb mode for urls, etc.
)
LaTeX Info: Redefining \url on input line 4763.
\XeTeXLinkMargin=\dimen293

(d:/texlive/2024/texmf-dist/tex/generic/bitset/bitset.sty
Package: bitset 2019/12/09 v1.3 Handle bit-vector datatype (HO)

(d:/texlive/2024/texmf-dist/tex/generic/bigintcalc/bigintcalc.sty
Package: bigintcalc 2019/12/15 v1.5 Expandable calculations on big integers (HO
)
))
\Fld@menulength=\count325
\Field@Width=\dimen294
\Fld@charsize=\dimen295
Package hyperref Info: Hyper figures OFF on input line 6042.
Package hyperref Info: Link nesting OFF on input line 6047.
Package hyperref Info: Hyper index ON on input line 6050.
Package hyperref Info: backreferencing OFF on input line 6057.
Package hyperref Info: Link coloring ON on input line 6060.
Package hyperref Info: Link coloring with OCG OFF on input line 6067.
Package hyperref Info: PDF/A mode OFF on input line 6072.

(d:/texlive/2024/texmf-dist/tex/latex/base/atbegshi-ltx.sty
Package: atbegshi-ltx 2021/01/10 v1.0c Emulation of the original atbegshi
package with kernel methods
)
\Hy@abspage=\count326
\c@Item=\count327
\c@Hfootnote=\count328
)
Package hyperref Info: Driver (autodetected): hpdftex.

(d:/texlive/2024/texmf-dist/tex/latex/hyperref/hpdftex.def
File: hpdftex.def 2024-11-05 v7.01l Hyperref driver for pdfTeX

(d:/texlive/2024/texmf-dist/tex/latex/base/atveryend-ltx.sty
Package: atveryend-ltx 2020/08/19 v1.0a Emulation of the original atveryend pac
kage
with kernel methods
)
\Fld@listcount=\count329
\c@bookmark@seq@number=\count330

(d:/texlive/2024/texmf-dist/tex/latex/rerunfilecheck/rerunfilecheck.sty
Package: rerunfilecheck 2022-07-10 v1.10 Rerun checks for auxiliary files (HO)

(d:/texlive/2024/texmf-dist/tex/generic/uniquecounter/uniquecounter.sty
Package: uniquecounter 2019/12/15 v1.4 Provide unlimited unique counter (HO)
)
Package uniquecounter Info: New unique counter `rerunfilecheck' on input line 2
85.
)
\Hy@SectionHShift=\skip92
)
(d:/texlive/2024/texmf-dist/tex/latex/hypcap/hypcap.sty
Package: hypcap 2024-07-26 v1.13 Adjusting the anchors of captions (HO)

(d:/texlive/2024/texmf-dist/tex/latex/letltxmacro/letltxmacro.sty
Package: letltxmacro 2019/12/03 v1.6 Let assignment for LaTeX macros (HO)
))
(./sphinxmessages.sty
Package: sphinxmessages 2019/01/04 v2.0 Localized LaTeX macros (Sphinx team)
)
\@indexfile=\write4
\openout4 = `industrialassemblytaskboard.idx'.


Writing index file industrialassemblytaskboard.idx
LaTeX Font Info:    Trying to load font information for T1+qtm on input line 72
.
(d:/texlive/2024/texmf-dist/tex/latex/tex-gyre/t1qtm.fd
File: t1qtm.fd 2009/09/25 v1.2 font definition file for T1/qtm
)
(d:/texlive/2024/texmf-dist/tex/latex/l3backend/l3backend-pdftex.def
File: l3backend-pdftex.def 2024-05-08 L3 backend support: PDF output (pdfTeX)
\l__color_backend_stack_int=\count331
\l__pdf_internal_box=\box121
)
(./industrialassemblytaskboard.aux)
\openout1 = `industrialassemblytaskboard.aux'.

LaTeX Font Info:    Checking defaults for OML/cmm/m/it on input line 72.
LaTeX Font Info:    ... okay on input line 72.
LaTeX Font Info:    Checking defaults for OMS/cmsy/m/n on input line 72.
LaTeX Font Info:    ... okay on input line 72.
LaTeX Font Info:    Checking defaults for OT1/cmr/m/n on input line 72.
LaTeX Font Info:    ... okay on input line 72.
LaTeX Font Info:    Checking defaults for T1/cmr/m/n on input line 72.
LaTeX Font Info:    ... okay on input line 72.
LaTeX Font Info:    Checking defaults for TS1/cmr/m/n on input line 72.
LaTeX Font Info:    ... okay on input line 72.
LaTeX Font Info:    Checking defaults for OMX/cmex/m/n on input line 72.
LaTeX Font Info:    ... okay on input line 72.
LaTeX Font Info:    Checking defaults for U/cmr/m/n on input line 72.
LaTeX Font Info:    ... okay on input line 72.
LaTeX Font Info:    Checking defaults for PD1/pdf/m/n on input line 72.
LaTeX Font Info:    ... okay on input line 72.
LaTeX Font Info:    Checking defaults for PU/pdf/m/n on input line 72.
LaTeX Font Info:    ... okay on input line 72.

(d:/texlive/2024/texmf-dist/tex/context/base/mkii/supp-pdf.mkii
[Loading MPS to PDF converter (version 2006.09.02).]
\scratchcounter=\count332
\scratchdimen=\dimen296
\scratchbox=\box122
\nofMPsegments=\count333
\nofMParguments=\count334
\everyMPshowfont=\toks37
\MPscratchCnt=\count335
\MPscratchDim=\dimen297
\MPnumerator=\count336
\makeMPintoPDFobject=\count337
\everyMPtoPDFconversion=\toks38
) (d:/texlive/2024/texmf-dist/tex/latex/epstopdf-pkg/epstopdf-base.sty
Package: epstopdf-base 2020-01-24 v2.11 Base part for package epstopdf
Package epstopdf-base Info: Redefining graphics rule for `.eps' on input line 4
85.

(d:/texlive/2024/texmf-dist/tex/latex/latexconfig/epstopdf-sys.cfg
File: epstopdf-sys.cfg 2010/07/13 v1.3 Configuration of (r)epstopdf for TeX Liv
e
))
\c@literalblock=\count338

*geometry* driver: auto-detecting
*geometry* detected driver: pdftex
*geometry* verbose mode - [ preamble ] result:
* driver: pdftex
* paper: letterpaper
* layout: <same size as paper>
* layoutoffset:(h,v)=(0.0pt,0.0pt)
* modes: twoside 
* h-part:(L,W,R)=(72.26999pt, 469.75502pt, 72.26999pt)
* v-part:(T,H,B)=(72.26999pt, 650.43001pt, 72.26999pt)
* \paperwidth=614.295pt
* \paperheight=794.96999pt
* \textwidth=469.75502pt
* \textheight=650.43001pt
* \oddsidemargin=0.0pt
* \evensidemargin=0.0pt
* \topmargin=-37.0pt
* \headheight=12.0pt
* \headsep=25.0pt
* \topskip=10.0pt
* \footskip=30.0pt
* \marginparwidth=36.135pt
* \marginparsep=11.0pt
* \columnsep=10.0pt
* \skip\footins=9.0pt plus 4.0pt minus 2.0pt
* \hoffset=0.0pt
* \voffset=0.0pt
* \mag=1000
* \@twocolumnfalse
* \@twosidetrue
* \@mparswitchtrue
* \@reversemarginfalse
* (1in=72.27pt=25.4mm, 1cm=28.453pt)

Package hyperref Info: Link coloring ON on input line 72.
(./industrialassemblytaskboard.out) (./industrialassemblytaskboard.out)
\@outlinefile=\write5
\openout5 = `industrialassemblytaskboard.out'.

Package hyperref Info: Option `pageanchor' set `false' on input line 80.
LaTeX Font Info:    Trying to load font information for T1+qhv on input line 80
.

(d:/texlive/2024/texmf-dist/tex/latex/tex-gyre/t1qhv.fd
File: t1qhv.fd 2009/09/25 v1.2 font definition file for T1/qhv
)<<ot1.cmap>><<oml.cmap>><<oms.cmap>><<omx.cmap>>
LaTeX Font Info:    Trying to load font information for U+msa on input line 80.


(d:/texlive/2024/texmf-dist/tex/latex/amsfonts/umsa.fd
File: umsa.fd 2013/01/14 v3.01 AMS symbols A
)
LaTeX Font Info:    Trying to load font information for U+msb on input line 80.


(d:/texlive/2024/texmf-dist/tex/latex/amsfonts/umsb.fd
File: umsb.fd 2013/01/14 v3.01 AMS symbols B
)

[1

{d:/texlive/2024/texmf-var/fonts/map/pdftex/updmap/pdftex.map}{d:/texlive/2024/
texmf-dist/fonts/enc/dvips/tex-gyre/q-ec.enc}]

[2


] (./industrialassemblytaskboard.toc)
\tf@toc=\write6
\openout6 = `industrialassemblytaskboard.toc'.



[1

]

[2

]
<logo_with_text.png, id=605, 960.7092pt x 263.0628pt>
LaTeX Font Info:    Trying to load font information for T1+txtt on input line 8
5.
 (d:/texlive/2024/texmf-dist/tex/latex/txfonts/t1txtt.fd
File: t1txtt.fd 2000/12/15 v3.1
)
File: logo_with_text.png Graphic file (type png)
<use logo_with_text.png>
Package pdftex.def Info: logo_with_text.png  used on input line 85.
(pdftex.def)             Requested size: 469.7548pt x 128.63295pt.
<sample_taskboards.png, id=607, 959.7456pt x 304.4976pt>
File: sample_taskboards.png Graphic file (type png)
<use sample_taskboards.png>
Package pdftex.def Info: sample_taskboards.png  used on input line 97.
(pdftex.def)             Requested size: 469.7669pt x 149.0518pt.


[1 <./logo_with_text.png> <./sample_taskboards.png>]

[2

]
Chapter 1.
LaTeX Font Info:    Trying to load font information for TS1+qtm on input line 1
28.
(d:/texlive/2024/texmf-dist/tex/latex/tex-gyre/ts1qtm.fd
File: ts1qtm.fd 2009/09/25 v1.2 font definition file for TS1/qtm
)

[3{d:/texlive/2024/texmf-dist/fonts/enc/dvips/tex-gyre/q-ts1.enc}]

[4

]
Chapter 2.
<taskboard_foot_placement.png, id=635, 241.776pt x 138.9555pt>
File: taskboard_foot_placement.png Graphic file (type png)
<use taskboard_foot_placement.png>
Package pdftex.def Info: taskboard_foot_placement.png  used on input line 231.
(pdftex.def)             Requested size: 301.12305pt x 173.08118pt.


[5]
<taskboard_foot_fixation.png, id=643, 161.2935pt x 125.487pt>
File: taskboard_foot_fixation.png Graphic file (type png)
<use taskboard_foot_fixation.png>
Package pdftex.def Info: taskboard_foot_fixation.png  used on input line 240.
(pdftex.def)             Requested size: 301.12305pt x 234.29184pt.
<taskboard_final.png, id=644, 936.49875pt x 754.31813pt>
File: taskboard_final.png Graphic file (type png)
<use taskboard_final.png>
Package pdftex.def Info: taskboard_final.png  used on input line 251.
(pdftex.def)             Requested size: 301.12305pt x 242.54924pt.


[6 <./taskboard_foot_placement.png> <./taskboard_foot_fixation.png>]
<peg_in_hole_taskboard.png, id=651, 639.89063pt x 569.62813pt>
File: peg_in_hole_taskboard.png Graphic file (type png)
<use peg_in_hole_taskboard.png>
Package pdftex.def Info: peg_in_hole_taskboard.png  used on input line 263.
(pdftex.def)             Requested size: 301.12305pt x 268.06424pt.


[7 <./taskboard_final.png> <./peg_in_hole_taskboard.png>]
<bearing_in_hole.png, id=658, 95.5935pt x 151.4385pt>
File: bearing_in_hole.png Graphic file (type png)
<use bearing_in_hole.png>
Package pdftex.def Info: bearing_in_hole.png  used on input line 277.
(pdftex.def)             Requested size: 150.56152pt x 238.55617pt.
<round_peg_in_hole_assembly_on_taskboard.png, id=659, 307.476pt x 164.907pt>
File: round_peg_in_hole_assembly_on_taskboard.png Graphic file (type png)
<use round_peg_in_hole_assembly_on_taskboard.png>
Package pdftex.def Info: round_peg_in_hole_assembly_on_taskboard.png  used on i
nput line 285.
(pdftex.def)             Requested size: 301.12305pt x 161.50206pt.


[8 <./bearing_in_hole.png> <./round_peg_in_hole_assembly_on_taskboard.png>]

[9]
<pick_and_place_taskboard.png, id=671, 357.7365pt x 226.3365pt>
File: pick_and_place_taskboard.png Graphic file (type png)
<use pick_and_place_taskboard.png>
Package pdftex.def Info: pick_and_place_taskboard.png  used on input line 352.
(pdftex.def)             Requested size: 301.12305pt x 190.52542pt.
<housing_part1_placement.png, id=672, 357.0795pt x 147.825pt>
File: housing_part1_placement.png Graphic file (type png)
<use housing_part1_placement.png>
Package pdftex.def Info: housing_part1_placement.png  used on input line 366.
(pdftex.def)             Requested size: 301.12305pt x 124.66385pt.


[10 <./pick_and_place_taskboard.png> <./housing_part1_placement.png>]
<shim_ring_assembly_placement.png, id=679, 342.27875pt x 203.25937pt>
File: shim_ring_assembly_placement.png Graphic file (type png)
<use shim_ring_assembly_placement.png>
Package pdftex.def Info: shim_ring_assembly_placement.png  used on input line 3
96.
(pdftex.def)             Requested size: 301.12305pt x 178.83157pt.
<gear_assembly_taskboard.png, id=680, 213.8535pt x 165.2355pt>
File: gear_assembly_taskboard.png Graphic file (type png)
<use gear_assembly_taskboard.png>
Package pdftex.def Info: gear_assembly_taskboard.png  used on input line 410.
(pdftex.def)             Requested size: 301.12305pt x 232.67448pt.


[11 <./shim_ring_assembly_placement.png>]

[12 <./gear_assembly_taskboard.png>]
<3_gears_mounting_part_2.png, id=691, 309.1185pt x 170.163pt>
File: 3_gears_mounting_part_2.png Graphic file (type png)
<use 3_gears_mounting_part_2.png>
Package pdftex.def Info: 3_gears_mounting_part_2.png  used on input line 453.
(pdftex.def)             Requested size: 301.12305pt x 165.77452pt.
<3_gears_mounting_part_1.png, id=692, 244.0755pt x 104.463pt>
File: 3_gears_mounting_part_1.png Graphic file (type png)
<use 3_gears_mounting_part_1.png>
Package pdftex.def Info: 3_gears_mounting_part_1.png  used on input line 458.
(pdftex.def)             Requested size: 301.12305pt x 128.884pt.
<screws_and_nuts_taskboard.png, id=693, 591.71063pt x 552.56438pt>
File: screws_and_nuts_taskboard.png Graphic file (type png)
<use screws_and_nuts_taskboard.png>
Package pdftex.def Info: screws_and_nuts_taskboard.png  used on input line 474.

(pdftex.def)             Requested size: 469.76666pt x 438.67108pt.


[13 <./3_gears_mounting_part_2.png> <./3_gears_mounting_part_1.png>]

[14 <./screws_and_nuts_taskboard.png>]
<screw_assembly_heat_insert.png, id=706, 147.168pt x 158.6655pt>
File: screw_assembly_heat_insert.png Graphic file (type png)
<use screw_assembly_heat_insert.png>
Package pdftex.def Info: screw_assembly_heat_insert.png  used on input line 580
.
(pdftex.def)             Requested size: 147.16762pt x 158.66508pt.


[15 <./screw_assembly_heat_insert.png>]
<nut_assembly_heat_insert.png, id=716, 201.3705pt x 139.6125pt>
File: nut_assembly_heat_insert.png Graphic file (type png)
<use nut_assembly_heat_insert.png>
Package pdftex.def Info: nut_assembly_heat_insert.png  used on input line 684.
(pdftex.def)             Requested size: 201.37pt x 139.61214pt.


[16 <./nut_assembly_heat_insert.png>]
<screws_tilting_assembly.png, id=725, 292.365pt x 159.651pt>
File: screws_tilting_assembly.png Graphic file (type png)
<use screws_tilting_assembly.png>
Package pdftex.def Info: screws_tilting_assembly.png  used on input line 805.
(pdftex.def)             Requested size: 292.36429pt x 159.6506pt.


[17]
<elastic_deformation_taskboard.png, id=733, 644.4075pt x 584.1825pt>
File: elastic_deformation_taskboard.png Graphic file (type png)
<use elastic_deformation_taskboard.png>
Package pdftex.def Info: elastic_deformation_taskboard.png  used on input line 
821.
(pdftex.def)             Requested size: 301.12305pt x 272.98804pt.


[18 <./screws_tilting_assembly.png> <./elastic_deformation_taskboard.png>]
<snap_hook_placement.png, id=740, 318.645pt x 144.54pt>
File: snap_hook_placement.png Graphic file (type png)
<use snap_hook_placement.png>
Package pdftex.def Info: snap_hook_placement.png  used on input line 835.
(pdftex.def)             Requested size: 301.12305pt x 136.59982pt.


[19 <./snap_hook_placement.png>]
Overfull \hbox (5.3827pt too wide) in paragraph at lines 1066--1066
[]\T1/qhv/m/n/10 Quan-
 []


Underfull \hbox (badness 10000) in paragraph at lines 1066--1066
[]\T1/qtm/m/n/10 Thread in-sert M8 UD-
 []


Underfull \hbox (badness 10000) in paragraph at lines 1066--1066
[]\T1/qtm/m/n/10 Thread in-sert M6 UD-
 []


Underfull \hbox (badness 10000) in paragraph at lines 1066--1066
[]\T1/qtm/m/n/10 Splined shaft sleeve
 []


Underfull \hbox (badness 10000) in paragraph at lines 1066--1066
[]\T1/qtm/m/n/10 BNC-Connector fe-male
 []



[20]
<peg_in_hole_taskboard_finished.png, id=754, 244.7325pt x 224.3655pt>
File: peg_in_hole_taskboard_finished.png Graphic file (type png)
<use peg_in_hole_taskboard_finished.png>
Package pdftex.def Info: peg_in_hole_taskboard_finished.png  used on input line
 1114.
(pdftex.def)             Requested size: 301.12305pt x 276.07745pt.


[21 <./peg_in_hole_taskboard_finished.png>]

[22]
<pick_and_place_taskboard_finished.png, id=765, 251.9595pt x 230.2785pt>
File: pick_and_place_taskboard_finished.png Graphic file (type png)
<use pick_and_place_taskboard_finished.png>
Package pdftex.def Info: pick_and_place_taskboard_finished.png  used on input l
ine 1220.
(pdftex.def)             Requested size: 301.12305pt x 275.23299pt.
<pick_and_place_taskboard_housing_parts.png, id=766, 223.7085pt x 173.1195pt>
File: pick_and_place_taskboard_housing_parts.png Graphic file (type png)
<use pick_and_place_taskboard_housing_parts.png>
Package pdftex.def Info: pick_and_place_taskboard_housing_parts.png  used on in
put line 1236.
(pdftex.def)             Requested size: 301.12305pt x 233.04875pt.


[23 <./pick_and_place_taskboard_finished.png>]

! LaTeX Error: Unicode character   (U+202F)
               not set up for use with LaTeX.

See the LaTeX manual or LaTeX Companion for explanation.
Type  H <return>  for immediate help.
 ...                                              
                                                  
l.1254 ... the two flange surfaces is exactly 2 
                                                  mm.
You may provide a definition with
\DeclareUnicodeCharacter 

<pick_and_place_taskboard_feather_key.png, id=772, 200.7135pt x 186.2595pt>
File: pick_and_place_taskboard_feather_key.png Graphic file (type png)
<use pick_and_place_taskboard_feather_key.png>
Package pdftex.def Info: pick_and_place_taskboard_feather_key.png  used on inpu
t line 1281.
(pdftex.def)             Requested size: 301.12305pt x 279.471pt.


[24 <./pick_and_place_taskboard_housing_parts.png>]
<pick_and_place_taskboard_shim_rings.png, id=778, 364.2408pt x 139.2402pt>
File: pick_and_place_taskboard_shim_rings.png Graphic file (type png)
<use pick_and_place_taskboard_shim_rings.png>
Package pdftex.def Info: pick_and_place_taskboard_shim_rings.png  used on input
 line 1318.
(pdftex.def)             Requested size: 301.12305pt x 115.11678pt.


[25 <./pick_and_place_taskboard_feather_key.png>]
<pick_and_place_taskboard_shim_rings_finished.png, id=784, 233.5635pt x 106.105
5pt>
File: pick_and_place_taskboard_shim_rings_finished.png Graphic file (type png)
<use pick_and_place_taskboard_shim_rings_finished.png>
Package pdftex.def Info: pick_and_place_taskboard_shim_rings_finished.png  used
 on input line 1349.
(pdftex.def)             Requested size: 301.12305pt x 136.79733pt.
<gear_assembly_taskboard_finished.png, id=785, 196.443pt x 181.0035pt>
File: gear_assembly_taskboard_finished.png Graphic file (type png)
<use gear_assembly_taskboard_finished.png>
Package pdftex.def Info: gear_assembly_taskboard_finished.png  used on input li
ne 1361.
(pdftex.def)             Requested size: 301.12305pt x 277.46196pt.


[26 <./pick_and_place_taskboard_shim_rings.png> <./pick_and_place_taskboard_shi
m_rings_finished.png>]
<gear_assembly_taskboard_two_gears.png, id=793, 574.7874pt x 195.129pt>
File: gear_assembly_taskboard_two_gears.png Graphic file (type png)
<use gear_assembly_taskboard_two_gears.png>
Package pdftex.def Info: gear_assembly_taskboard_two_gears.png  used on input l
ine 1375.
(pdftex.def)             Requested size: 301.12305pt x 102.22392pt.


[27 <./gear_assembly_taskboard_finished.png> <./gear_assembly_taskboard_two_gea
rs.png>]
<gear_assembly_taskboard_helical_gear.png, id=801, 253.2735pt x 188.559pt>
File: gear_assembly_taskboard_helical_gear.png Graphic file (type png)
<use gear_assembly_taskboard_helical_gear.png>
Package pdftex.def Info: gear_assembly_taskboard_helical_gear.png  used on inpu
t line 1414.
(pdftex.def)             Requested size: 301.12305pt x 224.20099pt.


[28 <./gear_assembly_taskboard_helical_gear.png>]
<gear_assembly_taskboard_three_gears.png, id=807, 256.23pt x 166.221pt>
File: gear_assembly_taskboard_three_gears.png Graphic file (type png)
<use gear_assembly_taskboard_three_gears.png>
Package pdftex.def Info: gear_assembly_taskboard_three_gears.png  used on input
 line 1459.
(pdftex.def)             Requested size: 301.12305pt x 195.35025pt.


[29 <./gear_assembly_taskboard_three_gears.png>]
<screw_nut_assembly_taskboard_finished.png, id=813, 1099.85907pt x 691.08188pt>

File: screw_nut_assembly_taskboard_finished.png Graphic file (type png)
<use screw_nut_assembly_taskboard_finished.png>
Package pdftex.def Info: screw_nut_assembly_taskboard_finished.png  used on inp
ut line 1501.
(pdftex.def)             Requested size: 301.12305pt x 189.19922pt.
<screw_nut_assembly_taskboard_vertical_screw_insertion.png, id=814, 246.7035pt 
x 151.4385pt>
File: screw_nut_assembly_taskboard_vertical_screw_insertion.png Graphic file (t
ype png)
<use screw_nut_assembly_taskboard_vertical_screw_insertion.png>
Package pdftex.def Info: screw_nut_assembly_taskboard_vertical_screw_insertion.
png  used on input line 1514.
(pdftex.def)             Requested size: 301.12305pt x 184.85405pt.


[30 <./screw_nut_assembly_taskboard_finished.png>]
<screw_nut_assembly_taskboard_nut_assembly.png, id=820, 454.8192pt x 189.8292pt
>
File: screw_nut_assembly_taskboard_nut_assembly.png Graphic file (type png)
<use screw_nut_assembly_taskboard_nut_assembly.png>
Package pdftex.def Info: screw_nut_assembly_taskboard_nut_assembly.png  used on
 input line 1551.
(pdftex.def)             Requested size: 301.12305pt x 125.68158pt.


[31 <./screw_nut_assembly_taskboard_vertical_screw_insertion.png> <./screw_nut_
assembly_taskboard_nut_assembly.png>]
<screw_nut_assembly_taskboard_multi_screw_assembly.png, id=827, 249.3315pt x 13
1.7285pt>
File: screw_nut_assembly_taskboard_multi_screw_assembly.png Graphic file (type 
png)
<use screw_nut_assembly_taskboard_multi_screw_assembly.png>
Package pdftex.def Info: screw_nut_assembly_taskboard_multi_screw_assembly.png 
 used on input line 1585.
(pdftex.def)             Requested size: 301.12305pt x 159.10251pt.


[32 <./screw_nut_assembly_taskboard_multi_screw_assembly.png>]
<elastic_deformation_taskboard_finished.png, id=833, 386.6445pt x 294.6645pt>
File: elastic_deformation_taskboard_finished.png Graphic file (type png)
<use elastic_deformation_taskboard_finished.png>
Package pdftex.def Info: elastic_deformation_taskboard_finished.png  used on in
put line 1617.
(pdftex.def)             Requested size: 301.12305pt x 229.49568pt.
<snap_hook_placement_finished.png, id=834, 181.6605pt x 194.1435pt>
File: snap_hook_placement_finished.png Graphic file (type png)
<use snap_hook_placement_finished.png>
Package pdftex.def Info: snap_hook_placement_finished.png  used on input line 1
636.
(pdftex.def)             Requested size: 301.12305pt x 321.81892pt.


[33 <./elastic_deformation_taskboard_finished.png>]

[34 <./snap_hook_placement_finished.png>]
<spring_placement_finished.png, id=846, 653.3208pt x 230.7822pt>
File: spring_placement_finished.png Graphic file (type png)
<use spring_placement_finished.png>
Package pdftex.def Info: spring_placement_finished.png  used on input line 1674
.
(pdftex.def)             Requested size: 301.12305pt x 106.36885pt.


[35 <./spring_placement_finished.png>]
No file industrialassemblytaskboard.ind.


[36] (./industrialassemblytaskboard.aux)
 ***********
LaTeX2e <2024-11-01> patch level 1
L3 programming layer <2024-12-25>
 ***********


LaTeX Warning: Label(s) may have changed. Rerun to get cross-references right.


Package rerunfilecheck Warning: File `industrialassemblytaskboard.out' has chan
ged.
(rerunfilecheck)                Rerun to get outlines right
(rerunfilecheck)                or use package `bookmark'.

Package rerunfilecheck Info: Checksums for `industrialassemblytaskboard.out':
(rerunfilecheck)             Before: D5B597645C7BC1C636FC667F5BE6370A;29453
(rerunfilecheck)             After:  0F4B7661B2E43BE4A9F8DE94742E0652;29470.
 ) 
Here is how much of TeX's memory you used:
 17340 strings out of 473207
 299797 string characters out of 5720461
 715202 words of memory out of 5000000
 40014 multiletter control sequences out of 15000+600000
 609072 words of font info for 74 fonts, out of 8000000 for 9000
 1142 hyphenation exceptions out of 8191
 72i,12n,79p,510b,604s stack positions out of 10000i,1000n,20000p,200000b,200000s
<d:/texlive/2024/texmf-dist/fonts/type1/public/tex-gyre/qhvb.pfb><d:/texlive/
2024/texmf-dist/fonts/type1/public/tex-gyre/qhvbi.pfb><d:/texlive/2024/texmf-di
st/fonts/type1/public/tex-gyre/qhvr.pfb><d:/texlive/2024/texmf-dist/fonts/type1
/public/tex-gyre/qtmb.pfb><d:/texlive/2024/texmf-dist/fonts/type1/public/tex-gy
re/qtmr.pfb><d:/texlive/2024/texmf-dist/fonts/type1/public/tex-gyre/qtmri.pfb>
Output written on industrialassemblytaskboard.pdf (40 pages, 2559984 bytes).
PDF statistics:
 928 PDF objects out of 1000 (max. 8388607)
 792 compressed objects within 8 object streams
 199 named destinations out of 1000 (max. 500000)
 1342 words of extra memory for PDF output out of 10000 (max. 10000000)

